[1590142503.927][INFO]: COMMAND InitSession {
   "capabilities": {
      "alwaysMatch": {
         "browserName": "chrome",
         "goog:chromeOptions": {
            "args": [  ],
            "extensions": [  ]
         },
         "platformName": "any"
      },
      "firstMatch": [ {

      } ]
   },
   "desiredCapabilities": {
      "browserName": "chrome",
      "goog:chromeOptions": {
         "args": [  ],
         "extensions": [  ]
      },
      "platform": "ANY",
      "version": ""
   }
}
[1590142503.942][INFO]: Populating Preferences file: {
   "alternate_error_pages": {
      "enabled": false
   },
   "autofill": {
      "enabled": false
   },
   "browser": {
      "check_default_browser": false
   },
   "distribution": {
      "import_bookmarks": false,
      "import_history": false,
      "import_search_engine": false,
      "make_chrome_default_for_user": false,
      "skip_first_run_ui": true
   },
   "dns_prefetching": {
      "enabled": false
   },
   "profile": {
      "content_settings": {
         "pattern_pairs": {
            "https://*,*": {
               "media-stream": {
                  "audio": "Default",
                  "video": "Default"
               }
            }
         }
      },
      "default_content_setting_values": {
         "geolocation": 1
      },
      "default_content_settings": {
         "geolocation": 1,
         "mouselock": 1,
         "notifications": 1,
         "popups": 1,
         "ppapi-broker": 1
      },
      "password_manager_enabled": false
   },
   "safebrowsing": {
      "enabled": false
   },
   "search": {
      "suggest_enabled": false
   },
   "translate": {
      "enabled": false
   }
}
[1590142503.947][INFO]: Populating Local State file: {
   "background_mode": {
      "enabled": false
   },
   "ssl": {
      "rev_checking": {
         "enabled": false
      }
   }
}
[1590142503.973][INFO]: Launching chrome: "C:\Program Files (x86)\Google\Chrome\Application\chrome.exe" --disable-background-networking --disable-client-side-phishing-detection --disable-default-apps --disable-hang-monitor --disable-popup-blocking --disable-prompt-on-repost --disable-sync --disable-web-resources --enable-automation --enable-logging --force-fieldtrials=SiteIsolationExtensions/Control --ignore-certificate-errors --load-extension="C:\Users\haiyu.ma\AppData\Local\Temp\scoped_dir18312_26861\internal" --log-level=0 --metrics-recording-only --no-first-run --password-store=basic --remote-debugging-port=12380 --test-type=webdriver --use-mock-keychain --user-data-dir="C:\Users\haiyu.ma\AppData\Local\Temp\scoped_dir18312_32352" data:,
[1590142504.824][INFO]: resolved localhost to ["::1","127.0.0.1"]
[1590142505.850][INFO]: RESPONSE InitSession {
   "acceptInsecureCerts": false,
   "acceptSslCerts": false,
   "applicationCacheEnabled": false,
   "browserConnectionEnabled": false,
   "browserName": "chrome",
   "chrome": {
      "chromedriverVersion": "2.37.544315 (730aa6a5fdba159ac9f4c1e8cbc59bf1b5ce12b7)",
      "userDataDir": "C:\\Users\\haiyu.ma\\AppData\\Local\\Temp\\scoped_dir18312_32352"
   },
   "cssSelectorsEnabled": true,
   "databaseEnabled": false,
   "handlesAlerts": true,
   "hasTouchScreen": false,
   "javascriptEnabled": true,
   "locationContextEnabled": true,
   "mobileEmulationEnabled": false,
   "nativeEvents": true,
   "networkConnectionEnabled": false,
   "pageLoadStrategy": "normal",
   "platform": "Windows NT",
   "rotatable": false,
   "setWindowRect": true,
   "~~~": "..."
}
[1590142505.852][INFO]: COMMAND MaximizeWindow {
   "sessionId": "fe20d897310d93b9fe69abdb1f2ea427",
   "windowHandle": "current"
}
[1590142505.854][INFO]: resolved localhost to ["::1","127.0.0.1"]
[1590142506.998][INFO]: RESPONSE MaximizeWindow
[1590142507.000][INFO]: COMMAND SetImplicitWait {
   "ms": 30000.0,
   "sessionId": "fe20d897310d93b9fe69abdb1f2ea427"
}
[1590142507.000][INFO]: RESPONSE SetImplicitWait
[1590142507.001][INFO]: COMMAND Navigate {
   "sessionId": "fe20d897310d93b9fe69abdb1f2ea427",
   "url": "https://www.12306.cn/index/"
}
[1590142507.001][INFO]: Waiting for pending navigations...
[1590142507.011][INFO]: Done waiting for pending navigations. Status: ok
[1590142507.736][INFO]: Waiting for pending navigations...
[1590142508.519][INFO]: Done waiting for pending navigations. Status: ok
[1590142508.519][INFO]: RESPONSE Navigate
[1590142508.521][INFO]: COMMAND FindElement {
   "sessionId": "fe20d897310d93b9fe69abdb1f2ea427",
   "using": "id",
   "value": "fromStationText"
}
[1590142508.521][INFO]: Waiting for pending navigations...
[1590142508.522][INFO]: Done waiting for pending navigations. Status: ok
[1590142508.745][INFO]: Waiting for pending navigations...
[1590142508.972][INFO]: Done waiting for pending navigations. Status: ok
[1590142508.972][INFO]: RESPONSE FindElement {
   "ELEMENT": "0.2700654746687734-1"
}
[1590142508.976][INFO]: COMMAND IsElementDisplayed {
   "id": "0.2700654746687734-1"
}
[1590142508.976][INFO]: Waiting for pending navigations...
[1590142508.995][INFO]: Done waiting for pending navigations. Status: ok
[1590142509.012][INFO]: Waiting for pending navigations...
[1590142509.013][INFO]: Done waiting for pending navigations. Status: ok
[1590142509.013][INFO]: RESPONSE IsElementDisplayed true
[1590142509.014][INFO]: COMMAND ExecuteScript {
   "args": [  ],
   "script": "var a = document.getElementById(\"fromStation\");a.value=\"BJP\";",
   "sessionId": "fe20d897310d93b9fe69abdb1f2ea427"
}
[1590142509.014][INFO]: Waiting for pending navigations...
[1590142509.015][INFO]: Done waiting for pending navigations. Status: ok
[1590142509.017][INFO]: Waiting for pending navigations...
[1590142509.018][INFO]: Done waiting for pending navigations. Status: ok
[1590142509.018][INFO]: RESPONSE ExecuteScript
[1590142509.019][INFO]: COMMAND FindElement {
   "sessionId": "fe20d897310d93b9fe69abdb1f2ea427",
   "using": "id",
   "value": "fromStationText"
}
[1590142509.020][INFO]: Waiting for pending navigations...
[1590142509.022][INFO]: Done waiting for pending navigations. Status: ok
[1590142509.029][INFO]: Waiting for pending navigations...
[1590142509.030][INFO]: Done waiting for pending navigations. Status: ok
[1590142509.030][INFO]: RESPONSE FindElement {
   "ELEMENT": "0.2700654746687734-1"
}
[1590142509.032][INFO]: COMMAND IsElementDisplayed {
   "id": "0.2700654746687734-1"
}
[1590142509.032][INFO]: Waiting for pending navigations...
[1590142509.033][INFO]: Done waiting for pending navigations. Status: ok
[1590142509.040][INFO]: Waiting for pending navigations...
[1590142509.041][INFO]: Done waiting for pending navigations. Status: ok
[1590142509.041][INFO]: RESPONSE IsElementDisplayed true
[1590142509.042][INFO]: COMMAND ExecuteScript {
   "args": [  ],
   "script": "var b=document.getElementById(\"fromStationText\");b.value=\"北京\";b.className=(\"input inp-txt_select\");",
   "sessionId": "fe20d897310d93b9fe69abdb1f2ea427"
}
[1590142509.042][INFO]: Waiting for pending navigations...
[1590142509.043][INFO]: Done waiting for pending navigations. Status: ok
[1590142509.045][INFO]: Waiting for pending navigations...
[1590142509.048][INFO]: Done waiting for pending navigations. Status: ok
[1590142509.048][INFO]: RESPONSE ExecuteScript
[1590142511.049][INFO]: COMMAND FindElement {
   "sessionId": "fe20d897310d93b9fe69abdb1f2ea427",
   "using": "id",
   "value": "toStationText"
}
[1590142511.049][INFO]: Waiting for pending navigations...
[1590142511.050][INFO]: Done waiting for pending navigations. Status: ok
[1590142511.063][INFO]: Waiting for pending navigations...
[1590142511.064][INFO]: Done waiting for pending navigations. Status: ok
[1590142511.064][INFO]: RESPONSE FindElement {
   "ELEMENT": "0.2700654746687734-2"
}
[1590142511.066][INFO]: COMMAND ClickElement {
   "id": "0.2700654746687734-2",
   "sessionId": "fe20d897310d93b9fe69abdb1f2ea427"
}
[1590142511.066][INFO]: Waiting for pending navigations...
[1590142511.067][INFO]: Done waiting for pending navigations. Status: ok
[1590142511.171][INFO]: Waiting for pending navigations...
[1590142511.172][INFO]: Done waiting for pending navigations. Status: ok
[1590142511.172][INFO]: RESPONSE ClickElement
[1590142511.174][INFO]: COMMAND FindElement {
   "sessionId": "fe20d897310d93b9fe69abdb1f2ea427",
   "using": "xpath",
   "value": "//li[@data=\"SHH\"]"
}
[1590142511.174][INFO]: Waiting for pending navigations...
[1590142511.191][INFO]: Done waiting for pending navigations. Status: ok
[1590142511.207][INFO]: Waiting for pending navigations...
[1590142511.208][INFO]: Done waiting for pending navigations. Status: ok
[1590142511.208][INFO]: RESPONSE FindElement {
   "ELEMENT": "0.2700654746687734-3"
}
[1590142511.211][INFO]: COMMAND ClickElement {
   "id": "0.2700654746687734-3",
   "sessionId": "fe20d897310d93b9fe69abdb1f2ea427"
}
[1590142511.211][INFO]: Waiting for pending navigations...
[1590142511.212][INFO]: Done waiting for pending navigations. Status: ok
[1590142511.278][INFO]: Waiting for pending navigations...
[1590142511.281][INFO]: Done waiting for pending navigations. Status: ok
[1590142511.281][INFO]: RESPONSE ClickElement
[1590142513.283][INFO]: COMMAND ExecuteScript {
   "args": [  ],
   "script": "var ele = document.getElementById(\"train_date\");ele.readOnly=false;ele.value=\"2020-06-01\";",
   "sessionId": "fe20d897310d93b9fe69abdb1f2ea427"
}
[1590142513.283][INFO]: Waiting for pending navigations...
[1590142513.284][INFO]: Done waiting for pending navigations. Status: ok
[1590142513.289][INFO]: Waiting for pending navigations...
[1590142513.293][INFO]: Done waiting for pending navigations. Status: ok
[1590142513.293][INFO]: RESPONSE ExecuteScript
[1590142513.297][INFO]: COMMAND ExecuteScript {
   "args": [  ],
   "script": "var cx =document.getElementById(\"search_one\");cx.click();",
   "sessionId": "fe20d897310d93b9fe69abdb1f2ea427"
}
[1590142513.297][INFO]: Waiting for pending navigations...
[1590142513.299][INFO]: Done waiting for pending navigations. Status: ok
[1590142513.317][INFO]: Waiting for pending navigations...
[1590142513.318][INFO]: Done waiting for pending navigations. Status: ok
[1590142513.318][INFO]: RESPONSE ExecuteScript
